
  .   ____          _            __ _ _
 /\\ / ___'_ __ _ _(_)_ __  __ _ \ \ \ \
( ( )\___ | '_ | '_| | '_ \/ _` | \ \ \ \
 \\/  ___)| |_)| | | | | || (_| |  ) ) ) )
  '  |____| .__|_| |_|_| |_\__, | / / / /
 =========|_|==============|___/=/_/_/_/
[32m :: Spring Boot :: [39m              [2m (v3.2.3)[0;39m

[2m2025-04-09T18:49:38.953+01:00[0;39m [32m INFO[0;39m [35m25817[0;39m [2m---[0;39m [2m[stockcompare] [           main][0;39m [2m[0;39m[36mc.stockcompare.StockCompareApplication  [0;39m [2m:[0;39m Starting StockCompareApplication v0.0.1-SNAPSHOT using Java 23.0.1 with PID 25817 (/Users/adammaayni/Library/CloudStorage/OneDrive-UniversityofRoehampton/Software Architecture and Design/Software-Architecture-1/stockcompare/target/stockcompare-0.0.1-SNAPSHOT.jar started by adammaayni in /Users/adammaayni/Library/CloudStorage/OneDrive-UniversityofRoehampton/Software Architecture and Design/Software-Architecture-1/stockcompare)
[2m2025-04-09T18:49:38.959+01:00[0;39m [32m INFO[0;39m [35m25817[0;39m [2m---[0;39m [2m[stockcompare] [           main][0;39m [2m[0;39m[36mc.stockcompare.StockCompareApplication  [0;39m [2m:[0;39m No active profile set, falling back to 1 default profile: "default"
[2m2025-04-09T18:49:39.863+01:00[0;39m [32m INFO[0;39m [35m25817[0;39m [2m---[0;39m [2m[stockcompare] [           main][0;39m [2m[0;39m[36m.s.d.r.c.RepositoryConfigurationDelegate[0;39m [2m:[0;39m Bootstrapping Spring Data JPA repositories in DEFAULT mode.
[2m2025-04-09T18:49:39.927+01:00[0;39m [32m INFO[0;39m [35m25817[0;39m [2m---[0;39m [2m[stockcompare] [           main][0;39m [2m[0;39m[36m.s.d.r.c.RepositoryConfigurationDelegate[0;39m [2m:[0;39m Finished Spring Data repository scanning in 55 ms. Found 2 JPA repository interfaces.
[2m2025-04-09T18:49:40.511+01:00[0;39m [32m INFO[0;39m [35m25817[0;39m [2m---[0;39m [2m[stockcompare] [           main][0;39m [2m[0;39m[36mo.s.b.w.embedded.tomcat.TomcatWebServer [0;39m [2m:[0;39m Tomcat initialized with port 7070 (http)
[2m2025-04-09T18:49:40.523+01:00[0;39m [32m INFO[0;39m [35m25817[0;39m [2m---[0;39m [2m[stockcompare] [           main][0;39m [2m[0;39m[36mo.apache.catalina.core.StandardService  [0;39m [2m:[0;39m Starting service [Tomcat]
[2m2025-04-09T18:49:40.523+01:00[0;39m [32m INFO[0;39m [35m25817[0;39m [2m---[0;39m [2m[stockcompare] [           main][0;39m [2m[0;39m[36mo.apache.catalina.core.StandardEngine   [0;39m [2m:[0;39m Starting Servlet engine: [Apache Tomcat/10.1.19]
[2m2025-04-09T18:49:40.555+01:00[0;39m [32m INFO[0;39m [35m25817[0;39m [2m---[0;39m [2m[stockcompare] [           main][0;39m [2m[0;39m[36mo.a.c.c.C.[Tomcat].[localhost].[/]      [0;39m [2m:[0;39m Initializing Spring embedded WebApplicationContext
[2m2025-04-09T18:49:40.557+01:00[0;39m [32m INFO[0;39m [35m25817[0;39m [2m---[0;39m [2m[stockcompare] [           main][0;39m [2m[0;39m[36mw.s.c.ServletWebServerApplicationContext[0;39m [2m:[0;39m Root WebApplicationContext: initialization completed in 1486 ms
[2m2025-04-09T18:49:40.594+01:00[0;39m [32m INFO[0;39m [35m25817[0;39m [2m---[0;39m [2m[stockcompare] [           main][0;39m [2m[0;39m[36mcom.zaxxer.hikari.HikariDataSource      [0;39m [2m:[0;39m HikariPool-1 - Starting...
[2m2025-04-09T18:49:40.911+01:00[0;39m [32m INFO[0;39m [35m25817[0;39m [2m---[0;39m [2m[stockcompare] [           main][0;39m [2m[0;39m[36mcom.zaxxer.hikari.pool.HikariPool       [0;39m [2m:[0;39m HikariPool-1 - Added connection conn0: url=jdbc:h2:file:./stockcompare_db user=SA
[2m2025-04-09T18:49:40.914+01:00[0;39m [32m INFO[0;39m [35m25817[0;39m [2m---[0;39m [2m[stockcompare] [           main][0;39m [2m[0;39m[36mcom.zaxxer.hikari.HikariDataSource      [0;39m [2m:[0;39m HikariPool-1 - Start completed.
[2m2025-04-09T18:49:40.932+01:00[0;39m [32m INFO[0;39m [35m25817[0;39m [2m---[0;39m [2m[stockcompare] [           main][0;39m [2m[0;39m[36mo.s.b.a.h2.H2ConsoleAutoConfiguration   [0;39m [2m:[0;39m H2 console available at '/h2-console'. Database available at 'jdbc:h2:file:./stockcompare_db'
[2m2025-04-09T18:49:41.067+01:00[0;39m [32m INFO[0;39m [35m25817[0;39m [2m---[0;39m [2m[stockcompare] [           main][0;39m [2m[0;39m[36mo.hibernate.jpa.internal.util.LogHelper [0;39m [2m:[0;39m HHH000204: Processing PersistenceUnitInfo [name: default]
[2m2025-04-09T18:49:41.169+01:00[0;39m [32m INFO[0;39m [35m25817[0;39m [2m---[0;39m [2m[stockcompare] [           main][0;39m [2m[0;39m[36morg.hibernate.Version                   [0;39m [2m:[0;39m HHH000412: Hibernate ORM core version 6.4.4.Final
[2m2025-04-09T18:49:41.214+01:00[0;39m [32m INFO[0;39m [35m25817[0;39m [2m---[0;39m [2m[stockcompare] [           main][0;39m [2m[0;39m[36mo.h.c.internal.RegionFactoryInitiator   [0;39m [2m:[0;39m HHH000026: Second-level cache disabled
[2m2025-04-09T18:49:41.518+01:00[0;39m [32m INFO[0;39m [35m25817[0;39m [2m---[0;39m [2m[stockcompare] [           main][0;39m [2m[0;39m[36mo.s.o.j.p.SpringPersistenceUnitInfo     [0;39m [2m:[0;39m No LoadTimeWeaver setup: ignoring JPA class transformer
[2m2025-04-09T18:49:41.574+01:00[0;39m [33m WARN[0;39m [35m25817[0;39m [2m---[0;39m [2m[stockcompare] [           main][0;39m [2m[0;39m[36morg.hibernate.orm.deprecation           [0;39m [2m:[0;39m HHH90000025: H2Dialect does not need to be specified explicitly using 'hibernate.dialect' (remove the property setting and it will be selected by default)
[2m2025-04-09T18:49:42.657+01:00[0;39m [32m INFO[0;39m [35m25817[0;39m [2m---[0;39m [2m[stockcompare] [           main][0;39m [2m[0;39m[36mo.h.e.t.j.p.i.JtaPlatformInitiator      [0;39m [2m:[0;39m HHH000489: No JTA platform available (set 'hibernate.transaction.jta.platform' to enable JTA platform integration)
Hibernate: create table stock (symbol varchar(255) not null, exchange varchar(255), name varchar(255), primary key (symbol))
Hibernate: create table stock_price (id bigint generated by default as identity, close float(53) not null, date date, high float(53) not null, low float(53) not null, open float(53) not null, volume bigint not null, stock_symbol varchar(255), primary key (id))
Hibernate: alter table if exists stock_price add constraint FKpetr7ads9gm4y4c82h8o0rxxu foreign key (stock_symbol) references stock
[2m2025-04-09T18:49:42.745+01:00[0;39m [32m INFO[0;39m [35m25817[0;39m [2m---[0;39m [2m[stockcompare] [           main][0;39m [2m[0;39m[36mj.LocalContainerEntityManagerFactoryBean[0;39m [2m:[0;39m Initialized JPA EntityManagerFactory for persistence unit 'default'
[2m2025-04-09T18:49:43.325+01:00[0;39m [33m WARN[0;39m [35m25817[0;39m [2m---[0;39m [2m[stockcompare] [           main][0;39m [2m[0;39m[36mJpaBaseConfiguration$JpaWebConfiguration[0;39m [2m:[0;39m spring.jpa.open-in-view is enabled by default. Therefore, database queries may be performed during view rendering. Explicitly configure spring.jpa.open-in-view to disable this warning
[2m2025-04-09T18:49:43.355+01:00[0;39m [32m INFO[0;39m [35m25817[0;39m [2m---[0;39m [2m[stockcompare] [           main][0;39m [2m[0;39m[36mo.s.b.a.w.s.WelcomePageHandlerMapping   [0;39m [2m:[0;39m Adding welcome page: ServletContext resource [/index.html]
[2m2025-04-09T18:49:43.725+01:00[0;39m [32m INFO[0;39m [35m25817[0;39m [2m---[0;39m [2m[stockcompare] [           main][0;39m [2m[0;39m[36mo.s.b.w.embedded.tomcat.TomcatWebServer [0;39m [2m:[0;39m Tomcat started on port 7070 (http) with context path ''
[2m2025-04-09T18:49:43.741+01:00[0;39m [32m INFO[0;39m [35m25817[0;39m [2m---[0;39m [2m[stockcompare] [           main][0;39m [2m[0;39m[36mc.stockcompare.StockCompareApplication  [0;39m [2m:[0;39m Started StockCompareApplication in 5.276 seconds (process running for 5.944)
[2m2025-04-09T18:50:04.112+01:00[0;39m [32m INFO[0;39m [35m25817[0;39m [2m---[0;39m [2m[stockcompare] [0.0-7070-exec-1][0;39m [2m[0;39m[36mo.a.c.c.C.[Tomcat].[localhost].[/]      [0;39m [2m:[0;39m Initializing Spring DispatcherServlet 'dispatcherServlet'
[2m2025-04-09T18:50:04.112+01:00[0;39m [32m INFO[0;39m [35m25817[0;39m [2m---[0;39m [2m[stockcompare] [0.0-7070-exec-1][0;39m [2m[0;39m[36mo.s.web.servlet.DispatcherServlet       [0;39m [2m:[0;39m Initializing Servlet 'dispatcherServlet'
[2m2025-04-09T18:50:04.113+01:00[0;39m [32m INFO[0;39m [35m25817[0;39m [2m---[0;39m [2m[stockcompare] [0.0-7070-exec-1][0;39m [2m[0;39m[36mo.s.web.servlet.DispatcherServlet       [0;39m [2m:[0;39m Completed initialization in 1 ms
Hibernate: select s1_0.symbol,s1_0.exchange,s1_0.name from stock s1_0 where s1_0.symbol=?
Hibernate: select s1_0.symbol,s1_0.exchange,s1_0.name from stock s1_0 where s1_0.symbol=?
Hibernate: select s1_0.symbol,s1_0.exchange,s1_0.name from stock s1_0 where s1_0.symbol=?
Hibernate: select s1_0.symbol,s1_0.exchange,s1_0.name from stock s1_0 where s1_0.symbol=?
Hibernate: insert into stock (exchange,name,symbol) values (?,?,?)
Hibernate: select sp1_0.id,sp1_0.close,sp1_0.date,sp1_0.high,sp1_0.low,sp1_0.open,sp1_0.stock_symbol,sp1_0.volume from stock_price sp1_0 where sp1_0.stock_symbol=? and sp1_0.date between ? and ? order by sp1_0.date
[2m2025-04-09T18:53:19.954+01:00[0;39m [32m INFO[0;39m [35m25817[0;39m [2m---[0;39m [2m[stockcompare] [0.0-7070-exec-5][0;39m [2m[0;39m[36mcom.stockcompare.service.StockService   [0;39m [2m:[0;39m Found 0 price records in database for APPL
[2m2025-04-09T18:53:19.954+01:00[0;39m [32m INFO[0;39m [35m25817[0;39m [2m---[0;39m [2m[stockcompare] [0.0-7070-exec-5][0;39m [2m[0;39m[36mcom.stockcompare.service.StockService   [0;39m [2m:[0;39m Fetching stock price data from Alpha Vantage for APPL
[2m2025-04-09T18:53:19.954+01:00[0;39m [32m INFO[0;39m [35m25817[0;39m [2m---[0;39m [2m[stockcompare] [0.0-7070-exec-5][0;39m [2m[0;39m[36mc.s.service.AlphaVantageService         [0;39m [2m:[0;39m Calling Alpha Vantage API with URL: https://www.alphavantage.co/query?function=TIME_SERIES_DAILY&symbol=APPL&outputsize=full&apikey=KKC79SX0CXJR3PCO
[2m2025-04-09T18:53:20.061+01:00[0;39m [32m INFO[0;39m [35m25817[0;39m [2m---[0;39m [2m[stockcompare] [0.0-7070-exec-5][0;39m [2m[0;39m[36mc.s.service.AlphaVantageService         [0;39m [2m:[0;39m Response received from Alpha Vantage API for symbol: APPL
[2m2025-04-09T18:53:20.062+01:00[0;39m [33m WARN[0;39m [35m25817[0;39m [2m---[0;39m [2m[stockcompare] [0.0-7070-exec-5][0;39m [2m[0;39m[36mc.s.service.AlphaVantageService         [0;39m [2m:[0;39m No time series data found for symbol: APPL
[2m2025-04-09T18:53:20.062+01:00[0;39m [33m WARN[0;39m [35m25817[0;39m [2m---[0;39m [2m[stockcompare] [0.0-7070-exec-5][0;39m [2m[0;39m[36mcom.stockcompare.service.StockService   [0;39m [2m:[0;39m No price data returned from Alpha Vantage for APPL
Hibernate: select s1_0.symbol,s1_0.exchange,s1_0.name from stock s1_0 where s1_0.symbol=?
Hibernate: select s1_0.symbol,s1_0.exchange,s1_0.name from stock s1_0 where s1_0.symbol=?
Hibernate: insert into stock (exchange,name,symbol) values (?,?,?)
Hibernate: select sp1_0.id,sp1_0.close,sp1_0.date,sp1_0.high,sp1_0.low,sp1_0.open,sp1_0.stock_symbol,sp1_0.volume from stock_price sp1_0 where sp1_0.stock_symbol=? and sp1_0.date between ? and ? order by sp1_0.date
[2m2025-04-09T18:53:53.485+01:00[0;39m [32m INFO[0;39m [35m25817[0;39m [2m---[0;39m [2m[stockcompare] [0.0-7070-exec-6][0;39m [2m[0;39m[36mcom.stockcompare.service.StockService   [0;39m [2m:[0;39m Found 0 price records in database for APPL
[2m2025-04-09T18:53:53.485+01:00[0;39m [32m INFO[0;39m [35m25817[0;39m [2m---[0;39m [2m[stockcompare] [0.0-7070-exec-6][0;39m [2m[0;39m[36mcom.stockcompare.service.StockService   [0;39m [2m:[0;39m Fetching stock price data from Alpha Vantage for APPL
[2m2025-04-09T18:53:53.485+01:00[0;39m [32m INFO[0;39m [35m25817[0;39m [2m---[0;39m [2m[stockcompare] [0.0-7070-exec-6][0;39m [2m[0;39m[36mc.s.service.AlphaVantageService         [0;39m [2m:[0;39m Calling Alpha Vantage API with URL: https://www.alphavantage.co/query?function=TIME_SERIES_DAILY&symbol=APPL&outputsize=full&apikey=KKC79SX0CXJR3PCO
[2m2025-04-09T18:53:53.593+01:00[0;39m [32m INFO[0;39m [35m25817[0;39m [2m---[0;39m [2m[stockcompare] [0.0-7070-exec-6][0;39m [2m[0;39m[36mc.s.service.AlphaVantageService         [0;39m [2m:[0;39m Response received from Alpha Vantage API for symbol: APPL
[2m2025-04-09T18:53:53.594+01:00[0;39m [33m WARN[0;39m [35m25817[0;39m [2m---[0;39m [2m[stockcompare] [0.0-7070-exec-6][0;39m [2m[0;39m[36mc.s.service.AlphaVantageService         [0;39m [2m:[0;39m No time series data found for symbol: APPL
[2m2025-04-09T18:53:53.594+01:00[0;39m [33m WARN[0;39m [35m25817[0;39m [2m---[0;39m [2m[stockcompare] [0.0-7070-exec-6][0;39m [2m[0;39m[36mcom.stockcompare.service.StockService   [0;39m [2m:[0;39m No price data returned from Alpha Vantage for APPL
